<?xml version="1.0" encoding="UTF-8"?>
<!-- Generated by org.testng.reporters.JUnitXMLReporter -->
<testsuite hostname="NODLTP52081802" ignored="0" name="Surefire test" tests="5" failures="0" timestamp="2021-06-15T20:38:45 IST" time="0.13" errors="0">
  <testcase name="Twitter on Twitter(LipakshiAcademy.Mavenjava.Appium_Test)" time="0.013" classname="LipakshiAcademy.Mavenjava.Appium_Test"/>
  <testcase name="shouldAnswerWithTrue on shouldAnswerWithTrue(LipakshiAcademy.Mavenjava.AppTest)" time="0.001" classname="LipakshiAcademy.Mavenjava.AppTest"/>
  <testcase name="postJira on postJira(LipakshiAcademy.Mavenjava.RestAPITest)" time="0.0" classname="LipakshiAcademy.Mavenjava.RestAPITest"/>
  <testcase name="afterJira on afterJira(LipakshiAcademy.Mavenjava.RestAPITest)" time="0.001" classname="LipakshiAcademy.Mavenjava.RestAPITest"/>
  <testcase name="Test on Test(LipakshiAcademy.Mavenjava.Selenium_Test)" time="0.001" classname="LipakshiAcademy.Mavenjava.Selenium_Test"/>
</testsuite> <!-- Surefire test -->
