<?xml version="1.0" encoding="UTF-8"?>
<testng-results skipped="0" failed="0" ignored="0" total="2" passed="2">
  <reporter-output>
  </reporter-output>
  <suite name="Suite" duration-ms="38" started-at="2021-06-16T15:50:31 IST" finished-at="2021-06-16T15:50:31 IST">
    <groups>
    </groups>
    <test name="Test" duration-ms="38" started-at="2021-06-16T15:50:31 IST" finished-at="2021-06-16T15:50:31 IST">
      <class name="LipakshiAcademy.Mavenjava.RestAPITest">
        <test-method status="PASS" signature="afterJira()[pri:0, instance:LipakshiAcademy.Mavenjava.RestAPITest@30a3107a]" name="afterJira" duration-ms="4" started-at="2021-06-16T15:50:31 IST" finished-at="2021-06-16T15:50:31 IST">
          <reporter-output>
          </reporter-output>
        </test-method> <!-- afterJira -->
        <test-method status="PASS" signature="postJira()[pri:0, instance:LipakshiAcademy.Mavenjava.RestAPITest@30a3107a]" name="postJira" duration-ms="0" started-at="2021-06-16T15:50:31 IST" finished-at="2021-06-16T15:50:31 IST">
          <reporter-output>
          </reporter-output>
        </test-method> <!-- postJira -->
      </class> <!-- LipakshiAcademy.Mavenjava.RestAPITest -->
    </test> <!-- Test -->
  </suite> <!-- Suite -->
</testng-results>
