<?xml version="1.0" encoding="UTF-8"?>
<testng-results ignored="0" total="2" passed="2" failed="0" skipped="0">
  <reporter-output>
  </reporter-output>
  <suite started-at="2021-06-16T15:49:13 IST" name="Suite" finished-at="2021-06-16T15:49:13 IST" duration-ms="41">
    <groups>
    </groups>
    <test started-at="2021-06-16T15:49:13 IST" name="Test" finished-at="2021-06-16T15:49:13 IST" duration-ms="41">
      <class name="LipakshiAcademy.Mavenjava.RestAPITest">
        <test-method signature="afterJira()[pri:0, instance:LipakshiAcademy.Mavenjava.RestAPITest@4d465b11]" started-at="2021-06-16T15:49:13 IST" name="afterJira" finished-at="2021-06-16T15:49:13 IST" duration-ms="7" status="PASS">
          <reporter-output>
          </reporter-output>
        </test-method> <!-- afterJira -->
        <test-method signature="postJira()[pri:0, instance:LipakshiAcademy.Mavenjava.RestAPITest@4d465b11]" started-at="2021-06-16T15:49:13 IST" name="postJira" finished-at="2021-06-16T15:49:13 IST" duration-ms="1" status="PASS">
          <reporter-output>
          </reporter-output>
        </test-method> <!-- postJira -->
      </class> <!-- LipakshiAcademy.Mavenjava.RestAPITest -->
    </test> <!-- Test -->
  </suite> <!-- Suite -->
</testng-results>
